
*** Running vivado
    with args -log topdown.vds -m64 -product Vivado -mode batch -messageDb vivado.pb -notrace -source topdown.tcl


****** Vivado v2019.1 (64-bit)
  **** SW Build 2552052 on Fri May 24 14:49:42 MDT 2019
  **** IP Build 2548770 on Fri May 24 18:01:18 MDT 2019
    ** Copyright 1986-2019 Xilinx, Inc. All Rights Reserved.

source topdown.tcl -notrace
Command: synth_design -top topdown -part xc7a35tcpg236-1
Starting synth_design
Attempting to get a license for feature 'Synthesis' and/or device 'xc7a35t'
INFO: [Common 17-349] Got license for feature 'Synthesis' and/or device 'xc7a35t'
INFO: [Device 21-403] Loading part xc7a35tcpg236-1
INFO: Launching helper process for spawning children vivado processes
INFO: Helper process launched with PID 9540 
---------------------------------------------------------------------------------
Starting RTL Elaboration : Time (s): cpu = 00:00:03 ; elapsed = 00:00:05 . Memory (MB): peak = 793.863 ; gain = 177.715
---------------------------------------------------------------------------------
INFO: [Synth 8-6157] synthesizing module 'topdown' [D:/users/ezek/lab6/project_6/project_6.srcs/sources_1/new/topdown.v:23]
INFO: [Synth 8-6157] synthesizing module 'labVGA_clks' [D:/users/ezek/lab6/project_6/project_6.srcs/sources_1/imports/Downloads/labVGA_clks.v:24]
INFO: [Synth 8-6157] synthesizing module 'clk_wiz_0' [D:/users/ezek/lab6/project_6/project_6.srcs/sources_1/imports/Downloads/labVGA_clks.v:55]
INFO: [Synth 8-6157] synthesizing module 'IBUF' [D:/Xilinx/Vivado/2019.1/scripts/rt/data/unisim_comp.v:32856]
	Parameter CAPACITANCE bound to: DONT_CARE - type: string 
	Parameter IBUF_DELAY_VALUE bound to: 0 - type: string 
	Parameter IBUF_LOW_PWR bound to: TRUE - type: string 
	Parameter IFD_DELAY_VALUE bound to: AUTO - type: string 
	Parameter IOSTANDARD bound to: DEFAULT - type: string 
INFO: [Synth 8-6155] done synthesizing module 'IBUF' (1#1) [D:/Xilinx/Vivado/2019.1/scripts/rt/data/unisim_comp.v:32856]
INFO: [Synth 8-6157] synthesizing module 'MMCME2_ADV' [D:/Xilinx/Vivado/2019.1/scripts/rt/data/unisim_comp.v:39813]
	Parameter BANDWIDTH bound to: OPTIMIZED - type: string 
	Parameter CLKFBOUT_MULT_F bound to: 9.125000 - type: float 
	Parameter CLKFBOUT_PHASE bound to: 0.000000 - type: float 
	Parameter CLKFBOUT_USE_FINE_PS bound to: FALSE - type: string 
	Parameter CLKIN1_PERIOD bound to: 10.000000 - type: float 
	Parameter CLKIN2_PERIOD bound to: 0.000000 - type: float 
	Parameter CLKOUT0_DIVIDE_F bound to: 36.500000 - type: float 
	Parameter CLKOUT0_DUTY_CYCLE bound to: 0.500000 - type: float 
	Parameter CLKOUT0_PHASE bound to: 0.000000 - type: float 
	Parameter CLKOUT0_USE_FINE_PS bound to: FALSE - type: string 
	Parameter CLKOUT1_DIVIDE bound to: 1 - type: integer 
	Parameter CLKOUT1_DUTY_CYCLE bound to: 0.500000 - type: float 
	Parameter CLKOUT1_PHASE bound to: 0.000000 - type: float 
	Parameter CLKOUT1_USE_FINE_PS bound to: FALSE - type: string 
	Parameter CLKOUT2_DIVIDE bound to: 1 - type: integer 
	Parameter CLKOUT2_DUTY_CYCLE bound to: 0.500000 - type: float 
	Parameter CLKOUT2_PHASE bound to: 0.000000 - type: float 
	Parameter CLKOUT2_USE_FINE_PS bound to: FALSE - type: string 
	Parameter CLKOUT3_DIVIDE bound to: 1 - type: integer 
	Parameter CLKOUT3_DUTY_CYCLE bound to: 0.500000 - type: float 
	Parameter CLKOUT3_PHASE bound to: 0.000000 - type: float 
	Parameter CLKOUT3_USE_FINE_PS bound to: FALSE - type: string 
	Parameter CLKOUT4_CASCADE bound to: FALSE - type: string 
	Parameter CLKOUT4_DIVIDE bound to: 1 - type: integer 
	Parameter CLKOUT4_DUTY_CYCLE bound to: 0.500000 - type: float 
	Parameter CLKOUT4_PHASE bound to: 0.000000 - type: float 
	Parameter CLKOUT4_USE_FINE_PS bound to: FALSE - type: string 
	Parameter CLKOUT5_DIVIDE bound to: 1 - type: integer 
	Parameter CLKOUT5_DUTY_CYCLE bound to: 0.500000 - type: float 
	Parameter CLKOUT5_PHASE bound to: 0.000000 - type: float 
	Parameter CLKOUT5_USE_FINE_PS bound to: FALSE - type: string 
	Parameter CLKOUT6_DIVIDE bound to: 1 - type: integer 
	Parameter CLKOUT6_DUTY_CYCLE bound to: 0.500000 - type: float 
	Parameter CLKOUT6_PHASE bound to: 0.000000 - type: float 
	Parameter CLKOUT6_USE_FINE_PS bound to: FALSE - type: string 
	Parameter COMPENSATION bound to: ZHOLD - type: string 
	Parameter DIVCLK_DIVIDE bound to: 1 - type: integer 
	Parameter IS_CLKINSEL_INVERTED bound to: 1'b0 
	Parameter IS_PSEN_INVERTED bound to: 1'b0 
	Parameter IS_PSINCDEC_INVERTED bound to: 1'b0 
	Parameter IS_PWRDWN_INVERTED bound to: 1'b0 
	Parameter IS_RST_INVERTED bound to: 1'b0 
	Parameter REF_JITTER1 bound to: 0.010000 - type: float 
	Parameter REF_JITTER2 bound to: 0.010000 - type: float 
	Parameter SS_EN bound to: FALSE - type: string 
	Parameter SS_MODE bound to: CENTER_HIGH - type: string 
	Parameter SS_MOD_PERIOD bound to: 10000 - type: integer 
	Parameter STARTUP_WAIT bound to: FALSE - type: string 
INFO: [Synth 8-6155] done synthesizing module 'MMCME2_ADV' (2#1) [D:/Xilinx/Vivado/2019.1/scripts/rt/data/unisim_comp.v:39813]
INFO: [Synth 8-6157] synthesizing module 'BUFG' [D:/Xilinx/Vivado/2019.1/scripts/rt/data/unisim_comp.v:1075]
INFO: [Synth 8-6155] done synthesizing module 'BUFG' (3#1) [D:/Xilinx/Vivado/2019.1/scripts/rt/data/unisim_comp.v:1075]
INFO: [Synth 8-6155] done synthesizing module 'clk_wiz_0' (4#1) [D:/users/ezek/lab6/project_6/project_6.srcs/sources_1/imports/Downloads/labVGA_clks.v:55]
INFO: [Synth 8-6157] synthesizing module 'clkcntrl4' [D:/users/ezek/lab6/project_6/project_6.srcs/sources_1/imports/Downloads/labVGA_clks.v:188]
INFO: [Synth 8-6157] synthesizing module 'CB4CE_MXILINX_clkcntrl4' [D:/users/ezek/lab6/project_6/project_6.srcs/sources_1/imports/Downloads/labVGA_clks.v:304]
INFO: [Synth 8-6157] synthesizing module 'FTCE_MXILINX_clkcntrl4' [D:/users/ezek/lab6/project_6/project_6.srcs/sources_1/imports/Downloads/labVGA_clks.v:274]
	Parameter INIT bound to: 1'b0 
INFO: [Synth 8-6157] synthesizing module 'XOR2' [D:/Xilinx/Vivado/2019.1/scripts/rt/data/unisim_comp.v:81988]
INFO: [Synth 8-6155] done synthesizing module 'XOR2' (5#1) [D:/Xilinx/Vivado/2019.1/scripts/rt/data/unisim_comp.v:81988]
INFO: [Synth 8-6157] synthesizing module 'FDCE' [D:/Xilinx/Vivado/2019.1/scripts/rt/data/unisim_comp.v:13448]
	Parameter INIT bound to: 1'b0 
	Parameter IS_CLR_INVERTED bound to: 1'b0 
	Parameter IS_C_INVERTED bound to: 1'b0 
	Parameter IS_D_INVERTED bound to: 1'b0 
INFO: [Synth 8-6155] done synthesizing module 'FDCE' (6#1) [D:/Xilinx/Vivado/2019.1/scripts/rt/data/unisim_comp.v:13448]
INFO: [Synth 8-6155] done synthesizing module 'FTCE_MXILINX_clkcntrl4' (7#1) [D:/users/ezek/lab6/project_6/project_6.srcs/sources_1/imports/Downloads/labVGA_clks.v:274]
INFO: [Synth 8-6157] synthesizing module 'AND4' [D:/Xilinx/Vivado/2019.1/scripts/rt/data/unisim_comp.v:562]
INFO: [Synth 8-6155] done synthesizing module 'AND4' (8#1) [D:/Xilinx/Vivado/2019.1/scripts/rt/data/unisim_comp.v:562]
INFO: [Synth 8-6157] synthesizing module 'AND3' [D:/Xilinx/Vivado/2019.1/scripts/rt/data/unisim_comp.v:514]
INFO: [Synth 8-6155] done synthesizing module 'AND3' (9#1) [D:/Xilinx/Vivado/2019.1/scripts/rt/data/unisim_comp.v:514]
INFO: [Synth 8-6157] synthesizing module 'AND2' [D:/Xilinx/Vivado/2019.1/scripts/rt/data/unisim_comp.v:466]
INFO: [Synth 8-6155] done synthesizing module 'AND2' (10#1) [D:/Xilinx/Vivado/2019.1/scripts/rt/data/unisim_comp.v:466]
INFO: [Synth 8-6157] synthesizing module 'VCC' [D:/Xilinx/Vivado/2019.1/scripts/rt/data/unisim_comp.v:81391]
INFO: [Synth 8-6155] done synthesizing module 'VCC' (11#1) [D:/Xilinx/Vivado/2019.1/scripts/rt/data/unisim_comp.v:81391]
INFO: [Synth 8-6155] done synthesizing module 'CB4CE_MXILINX_clkcntrl4' (12#1) [D:/users/ezek/lab6/project_6/project_6.srcs/sources_1/imports/Downloads/labVGA_clks.v:304]
INFO: [Synth 8-6157] synthesizing module 'BUF' [D:/Xilinx/Vivado/2019.1/scripts/rt/data/unisim_comp.v:1021]
INFO: [Synth 8-6155] done synthesizing module 'BUF' (13#1) [D:/Xilinx/Vivado/2019.1/scripts/rt/data/unisim_comp.v:1021]
INFO: [Synth 8-6155] done synthesizing module 'clkcntrl4' (14#1) [D:/users/ezek/lab6/project_6/project_6.srcs/sources_1/imports/Downloads/labVGA_clks.v:188]
WARNING: [Synth 8-4446] all outputs are unconnected for this instance and logic may be removed [D:/users/ezek/lab6/project_6/project_6.srcs/sources_1/imports/Downloads/labVGA_clks.v:38]
INFO: [Synth 8-6157] synthesizing module 'STARTUPE2' [D:/Xilinx/Vivado/2019.1/scripts/rt/data/unisim_comp.v:77870]
	Parameter PROG_USR bound to: FALSE - type: string 
	Parameter SIM_CCLK_FREQ bound to: 0.000000 - type: float 
INFO: [Synth 8-6155] done synthesizing module 'STARTUPE2' (15#1) [D:/Xilinx/Vivado/2019.1/scripts/rt/data/unisim_comp.v:77870]
INFO: [Synth 8-6155] done synthesizing module 'labVGA_clks' (16#1) [D:/users/ezek/lab6/project_6/project_6.srcs/sources_1/imports/Downloads/labVGA_clks.v:24]
INFO: [Synth 8-6157] synthesizing module 'PixelAddress' [D:/users/ezek/lab6/project_6/project_6.srcs/sources_1/new/PixelAddress.v:23]
INFO: [Synth 8-6157] synthesizing module 'counterUD16L' [D:/users/ezek/lab6/project_6/project_6.srcs/sources_1/imports/new/counterUD16L.v:23]
INFO: [Synth 8-6157] synthesizing module 'countUD4L' [D:/users/ezek/lab6/project_6/project_6.srcs/sources_1/imports/new/countUD4L.v:23]
INFO: [Synth 8-6157] synthesizing module 'FDRE' [D:/Xilinx/Vivado/2019.1/scripts/rt/data/unisim_comp.v:13664]
	Parameter INIT bound to: 1'b0 
	Parameter IS_C_INVERTED bound to: 1'b0 
	Parameter IS_D_INVERTED bound to: 1'b0 
	Parameter IS_R_INVERTED bound to: 1'b0 
INFO: [Synth 8-6155] done synthesizing module 'FDRE' (17#1) [D:/Xilinx/Vivado/2019.1/scripts/rt/data/unisim_comp.v:13664]
INFO: [Synth 8-6155] done synthesizing module 'countUD4L' (18#1) [D:/users/ezek/lab6/project_6/project_6.srcs/sources_1/imports/new/countUD4L.v:23]
WARNING: [Synth 8-7023] instance 'count1' of module 'countUD4L' has 9 connections declared, but only 8 given [D:/users/ezek/lab6/project_6/project_6.srcs/sources_1/imports/new/counterUD16L.v:63]
WARNING: [Synth 8-7023] instance 'count2' of module 'countUD4L' has 9 connections declared, but only 8 given [D:/users/ezek/lab6/project_6/project_6.srcs/sources_1/imports/new/counterUD16L.v:64]
WARNING: [Synth 8-7023] instance 'count3' of module 'countUD4L' has 9 connections declared, but only 8 given [D:/users/ezek/lab6/project_6/project_6.srcs/sources_1/imports/new/counterUD16L.v:65]
WARNING: [Synth 8-7023] instance 'count4' of module 'countUD4L' has 9 connections declared, but only 8 given [D:/users/ezek/lab6/project_6/project_6.srcs/sources_1/imports/new/counterUD16L.v:66]
INFO: [Synth 8-6155] done synthesizing module 'counterUD16L' (19#1) [D:/users/ezek/lab6/project_6/project_6.srcs/sources_1/imports/new/counterUD16L.v:23]
WARNING: [Synth 8-7023] instance 'horizontal' of module 'counterUD16L' has 8 connections declared, but only 6 given [D:/users/ezek/lab6/project_6/project_6.srcs/sources_1/new/PixelAddress.v:33]
WARNING: [Synth 8-7023] instance 'vertical' of module 'counterUD16L' has 8 connections declared, but only 6 given [D:/users/ezek/lab6/project_6/project_6.srcs/sources_1/new/PixelAddress.v:39]
INFO: [Synth 8-6155] done synthesizing module 'PixelAddress' (20#1) [D:/users/ezek/lab6/project_6/project_6.srcs/sources_1/new/PixelAddress.v:23]
INFO: [Synth 8-6157] synthesizing module 'Syncs' [D:/users/ezek/lab6/project_6/project_6.srcs/sources_1/new/Syncs.v:23]
INFO: [Synth 8-6155] done synthesizing module 'Syncs' (21#1) [D:/users/ezek/lab6/project_6/project_6.srcs/sources_1/new/Syncs.v:23]
INFO: [Synth 8-6157] synthesizing module 'FDRE__parameterized0' [D:/Xilinx/Vivado/2019.1/scripts/rt/data/unisim_comp.v:13664]
	Parameter INIT bound to: 1'b1 
	Parameter IS_C_INVERTED bound to: 1'b0 
	Parameter IS_D_INVERTED bound to: 1'b0 
	Parameter IS_R_INVERTED bound to: 1'b0 
INFO: [Synth 8-6155] done synthesizing module 'FDRE__parameterized0' (21#1) [D:/Xilinx/Vivado/2019.1/scripts/rt/data/unisim_comp.v:13664]
WARNING: [Synth 8-7023] instance 'HsyncFlipFlop' of module 'FDRE' has 5 connections declared, but only 4 given [D:/users/ezek/lab6/project_6/project_6.srcs/sources_1/new/topdown.v:55]
WARNING: [Synth 8-7023] instance 'VsyncFlipFlop' of module 'FDRE' has 5 connections declared, but only 4 given [D:/users/ezek/lab6/project_6/project_6.srcs/sources_1/new/topdown.v:56]
WARNING: [Synth 8-3848] Net seg in module/entity topdown does not have driver. [D:/users/ezek/lab6/project_6/project_6.srcs/sources_1/new/topdown.v:31]
WARNING: [Synth 8-3848] Net dp in module/entity topdown does not have driver. [D:/users/ezek/lab6/project_6/project_6.srcs/sources_1/new/topdown.v:32]
WARNING: [Synth 8-3848] Net an in module/entity topdown does not have driver. [D:/users/ezek/lab6/project_6/project_6.srcs/sources_1/new/topdown.v:33]
WARNING: [Synth 8-3848] Net led in module/entity topdown does not have driver. [D:/users/ezek/lab6/project_6/project_6.srcs/sources_1/new/topdown.v:39]
INFO: [Synth 8-6155] done synthesizing module 'topdown' (22#1) [D:/users/ezek/lab6/project_6/project_6.srcs/sources_1/new/topdown.v:23]
WARNING: [Synth 8-3917] design topdown has port vgaBlue[3] driven by constant 0
WARNING: [Synth 8-3917] design topdown has port vgaBlue[2] driven by constant 0
WARNING: [Synth 8-3917] design topdown has port vgaBlue[1] driven by constant 0
WARNING: [Synth 8-3917] design topdown has port vgaBlue[0] driven by constant 0
WARNING: [Synth 8-3917] design topdown has port vgaGreen[3] driven by constant 0
WARNING: [Synth 8-3917] design topdown has port vgaGreen[2] driven by constant 0
WARNING: [Synth 8-3917] design topdown has port vgaGreen[1] driven by constant 0
WARNING: [Synth 8-3917] design topdown has port vgaRed[3] driven by constant 0
WARNING: [Synth 8-3917] design topdown has port vgaRed[2] driven by constant 0
WARNING: [Synth 8-3917] design topdown has port vgaRed[1] driven by constant 0
WARNING: [Synth 8-3917] design topdown has port vgaRed[0] driven by constant 0
WARNING: [Synth 8-3331] design topdown has unconnected port seg[6]
WARNING: [Synth 8-3331] design topdown has unconnected port seg[5]
WARNING: [Synth 8-3331] design topdown has unconnected port seg[4]
WARNING: [Synth 8-3331] design topdown has unconnected port seg[3]
WARNING: [Synth 8-3331] design topdown has unconnected port seg[2]
WARNING: [Synth 8-3331] design topdown has unconnected port seg[1]
WARNING: [Synth 8-3331] design topdown has unconnected port seg[0]
WARNING: [Synth 8-3331] design topdown has unconnected port dp
WARNING: [Synth 8-3331] design topdown has unconnected port an[3]
WARNING: [Synth 8-3331] design topdown has unconnected port an[2]
WARNING: [Synth 8-3331] design topdown has unconnected port an[1]
WARNING: [Synth 8-3331] design topdown has unconnected port an[0]
WARNING: [Synth 8-3331] design topdown has unconnected port led[15]
WARNING: [Synth 8-3331] design topdown has unconnected port led[14]
WARNING: [Synth 8-3331] design topdown has unconnected port led[13]
WARNING: [Synth 8-3331] design topdown has unconnected port led[12]
WARNING: [Synth 8-3331] design topdown has unconnected port led[11]
WARNING: [Synth 8-3331] design topdown has unconnected port led[10]
WARNING: [Synth 8-3331] design topdown has unconnected port led[9]
WARNING: [Synth 8-3331] design topdown has unconnected port led[8]
WARNING: [Synth 8-3331] design topdown has unconnected port led[7]
WARNING: [Synth 8-3331] design topdown has unconnected port led[6]
WARNING: [Synth 8-3331] design topdown has unconnected port led[5]
WARNING: [Synth 8-3331] design topdown has unconnected port led[4]
WARNING: [Synth 8-3331] design topdown has unconnected port led[3]
WARNING: [Synth 8-3331] design topdown has unconnected port led[2]
WARNING: [Synth 8-3331] design topdown has unconnected port led[1]
WARNING: [Synth 8-3331] design topdown has unconnected port led[0]
WARNING: [Synth 8-3331] design topdown has unconnected port btnU
WARNING: [Synth 8-3331] design topdown has unconnected port btnD
WARNING: [Synth 8-3331] design topdown has unconnected port btnR
WARNING: [Synth 8-3331] design topdown has unconnected port btnL
WARNING: [Synth 8-3331] design topdown has unconnected port sw[15]
WARNING: [Synth 8-3331] design topdown has unconnected port sw[14]
WARNING: [Synth 8-3331] design topdown has unconnected port sw[13]
WARNING: [Synth 8-3331] design topdown has unconnected port sw[12]
WARNING: [Synth 8-3331] design topdown has unconnected port sw[11]
WARNING: [Synth 8-3331] design topdown has unconnected port sw[10]
WARNING: [Synth 8-3331] design topdown has unconnected port sw[9]
WARNING: [Synth 8-3331] design topdown has unconnected port sw[8]
WARNING: [Synth 8-3331] design topdown has unconnected port sw[7]
WARNING: [Synth 8-3331] design topdown has unconnected port sw[6]
WARNING: [Synth 8-3331] design topdown has unconnected port sw[5]
WARNING: [Synth 8-3331] design topdown has unconnected port sw[4]
WARNING: [Synth 8-3331] design topdown has unconnected port sw[3]
WARNING: [Synth 8-3331] design topdown has unconnected port sw[2]
WARNING: [Synth 8-3331] design topdown has unconnected port sw[1]
WARNING: [Synth 8-3331] design topdown has unconnected port sw[0]
---------------------------------------------------------------------------------
Finished RTL Elaboration : Time (s): cpu = 00:00:04 ; elapsed = 00:00:07 . Memory (MB): peak = 857.766 ; gain = 241.617
---------------------------------------------------------------------------------

Report Check Netlist: 
+------+------------------+-------+---------+-------+------------------+
|      |Item              |Errors |Warnings |Status |Description       |
+------+------------------+-------+---------+-------+------------------+
|1     |multi_driven_nets |      0|        0|Passed |Multi driven nets |
+------+------------------+-------+---------+-------+------------------+
---------------------------------------------------------------------------------
Start Handling Custom Attributes
---------------------------------------------------------------------------------
---------------------------------------------------------------------------------
Finished Handling Custom Attributes : Time (s): cpu = 00:00:05 ; elapsed = 00:00:07 . Memory (MB): peak = 857.766 ; gain = 241.617
---------------------------------------------------------------------------------
---------------------------------------------------------------------------------
Finished RTL Optimization Phase 1 : Time (s): cpu = 00:00:05 ; elapsed = 00:00:07 . Memory (MB): peak = 857.766 ; gain = 241.617
---------------------------------------------------------------------------------
INFO: [Netlist 29-17] Analyzing 51 Unisim elements for replacement
INFO: [Netlist 29-28] Unisim Transformation completed in 0 CPU seconds
INFO: [Project 1-570] Preparing netlist for logic optimization

Processing XDC Constraints
Initializing timing engine
Parsing XDC File [D:/users/ezek/lab6/project_6/project_6.srcs/constrs_1/imports/Downloads/Basys3_Master.xdc]
Finished Parsing XDC File [D:/users/ezek/lab6/project_6/project_6.srcs/constrs_1/imports/Downloads/Basys3_Master.xdc]
INFO: [Project 1-236] Implementation specific constraints were found while reading constraint file [D:/users/ezek/lab6/project_6/project_6.srcs/constrs_1/imports/Downloads/Basys3_Master.xdc]. These constraints will be ignored for synthesis but will be used in implementation. Impacted constraints are listed in the file [.Xil/topdown_propImpl.xdc].
Resolution: To avoid this warning, move constraints listed in [.Xil/topdown_propImpl.xdc] to another XDC file and exclude this new file from synthesis with the used_in_synthesis property (File Properties dialog in GUI) and re-run elaboration/synthesis.
INFO: [Timing 38-2] Deriving generated clocks
Completed Processing XDC Constraints

Netlist sorting complete. Time (s): cpu = 00:00:00 ; elapsed = 00:00:00 . Memory (MB): peak = 981.621 ; gain = 0.000
INFO: [Project 1-111] Unisim Transformation Summary:
  A total of 49 instances were transformed.
  AND2 => LUT2: 12 instances
  AND3 => LUT3: 6 instances
  AND4 => LUT4: 6 instances
  BUF => LUT1: 1 instances
  XOR2 => LUT2: 24 instances

Constraint Validation Runtime : Time (s): cpu = 00:00:00 ; elapsed = 00:00:00.006 . Memory (MB): peak = 981.621 ; gain = 0.000
---------------------------------------------------------------------------------
Finished Constraint Validation : Time (s): cpu = 00:00:10 ; elapsed = 00:00:16 . Memory (MB): peak = 981.621 ; gain = 365.473
---------------------------------------------------------------------------------
---------------------------------------------------------------------------------
Start Loading Part and Timing Information
---------------------------------------------------------------------------------
Loading part: xc7a35tcpg236-1
---------------------------------------------------------------------------------
Finished Loading Part and Timing Information : Time (s): cpu = 00:00:10 ; elapsed = 00:00:16 . Memory (MB): peak = 981.621 ; gain = 365.473
---------------------------------------------------------------------------------
---------------------------------------------------------------------------------
Start Applying 'set_property' XDC Constraints
---------------------------------------------------------------------------------
---------------------------------------------------------------------------------
Finished applying 'set_property' XDC Constraints : Time (s): cpu = 00:00:10 ; elapsed = 00:00:16 . Memory (MB): peak = 981.621 ; gain = 365.473
---------------------------------------------------------------------------------
---------------------------------------------------------------------------------
Finished RTL Optimization Phase 2 : Time (s): cpu = 00:00:10 ; elapsed = 00:00:16 . Memory (MB): peak = 981.621 ; gain = 365.473
---------------------------------------------------------------------------------

Report RTL Partitions: 
+-+--------------+------------+----------+
| |RTL Partition |Replication |Instances |
+-+--------------+------------+----------+
+-+--------------+------------+----------+
---------------------------------------------------------------------------------
Start RTL Component Statistics 
---------------------------------------------------------------------------------
Detailed RTL Component Info : 
+---XORs : 
	   2 Input      1 Bit         XORs := 72    
---------------------------------------------------------------------------------
Finished RTL Component Statistics 
---------------------------------------------------------------------------------
---------------------------------------------------------------------------------
Start RTL Hierarchical Component Statistics 
---------------------------------------------------------------------------------
Hierarchical RTL Component report 
Module countUD4L 
Detailed RTL Component Info : 
+---XORs : 
	   2 Input      1 Bit         XORs := 9     
---------------------------------------------------------------------------------
Finished RTL Hierarchical Component Statistics
---------------------------------------------------------------------------------
---------------------------------------------------------------------------------
Start Part Resource Summary
---------------------------------------------------------------------------------
Part Resources:
DSPs: 90 (col length:60)
BRAMs: 100 (col length: RAMB18 60 RAMB36 30)
---------------------------------------------------------------------------------
Finished Part Resource Summary
---------------------------------------------------------------------------------
---------------------------------------------------------------------------------
Start Cross Boundary and Area Optimization
---------------------------------------------------------------------------------
Warning: Parallel synthesis criteria is not met 
WARNING: [Synth 8-3917] design topdown has port vgaBlue[3] driven by constant 0
WARNING: [Synth 8-3917] design topdown has port vgaBlue[2] driven by constant 0
WARNING: [Synth 8-3917] design topdown has port vgaBlue[1] driven by constant 0
WARNING: [Synth 8-3917] design topdown has port vgaBlue[0] driven by constant 0
WARNING: [Synth 8-3917] design topdown has port vgaGreen[3] driven by constant 0
WARNING: [Synth 8-3917] design topdown has port vgaGreen[2] driven by constant 0
WARNING: [Synth 8-3917] design topdown has port vgaGreen[1] driven by constant 0
WARNING: [Synth 8-3917] design topdown has port vgaRed[3] driven by constant 0
WARNING: [Synth 8-3917] design topdown has port vgaRed[2] driven by constant 0
WARNING: [Synth 8-3917] design topdown has port vgaRed[1] driven by constant 0
WARNING: [Synth 8-3917] design topdown has port vgaRed[0] driven by constant 0
WARNING: [Synth 8-3331] design topdown has unconnected port seg[6]
WARNING: [Synth 8-3331] design topdown has unconnected port seg[5]
WARNING: [Synth 8-3331] design topdown has unconnected port seg[4]
WARNING: [Synth 8-3331] design topdown has unconnected port seg[3]
WARNING: [Synth 8-3331] design topdown has unconnected port seg[2]
WARNING: [Synth 8-3331] design topdown has unconnected port seg[1]
WARNING: [Synth 8-3331] design topdown has unconnected port seg[0]
WARNING: [Synth 8-3331] design topdown has unconnected port dp
WARNING: [Synth 8-3331] design topdown has unconnected port an[3]
WARNING: [Synth 8-3331] design topdown has unconnected port an[2]
WARNING: [Synth 8-3331] design topdown has unconnected port an[1]
WARNING: [Synth 8-3331] design topdown has unconnected port an[0]
WARNING: [Synth 8-3331] design topdown has unconnected port led[15]
WARNING: [Synth 8-3331] design topdown has unconnected port led[14]
WARNING: [Synth 8-3331] design topdown has unconnected port led[13]
WARNING: [Synth 8-3331] design topdown has unconnected port led[12]
WARNING: [Synth 8-3331] design topdown has unconnected port led[11]
WARNING: [Synth 8-3331] design topdown has unconnected port led[10]
WARNING: [Synth 8-3331] design topdown has unconnected port led[9]
WARNING: [Synth 8-3331] design topdown has unconnected port led[8]
WARNING: [Synth 8-3331] design topdown has unconnected port led[7]
WARNING: [Synth 8-3331] design topdown has unconnected port led[6]
WARNING: [Synth 8-3331] design topdown has unconnected port led[5]
WARNING: [Synth 8-3331] design topdown has unconnected port led[4]
WARNING: [Synth 8-3331] design topdown has unconnected port led[3]
WARNING: [Synth 8-3331] design topdown has unconnected port led[2]
WARNING: [Synth 8-3331] design topdown has unconnected port led[1]
WARNING: [Synth 8-3331] design topdown has unconnected port led[0]
WARNING: [Synth 8-3331] design topdown has unconnected port btnU
WARNING: [Synth 8-3331] design topdown has unconnected port btnD
WARNING: [Synth 8-3331] design topdown has unconnected port btnR
WARNING: [Synth 8-3331] design topdown has unconnected port btnL
WARNING: [Synth 8-3331] design topdown has unconnected port sw[15]
WARNING: [Synth 8-3331] design topdown has unconnected port sw[14]
WARNING: [Synth 8-3331] design topdown has unconnected port sw[13]
WARNING: [Synth 8-3331] design topdown has unconnected port sw[12]
WARNING: [Synth 8-3331] design topdown has unconnected port sw[11]
WARNING: [Synth 8-3331] design topdown has unconnected port sw[10]
WARNING: [Synth 8-3331] design topdown has unconnected port sw[9]
WARNING: [Synth 8-3331] design topdown has unconnected port sw[8]
WARNING: [Synth 8-3331] design topdown has unconnected port sw[7]
WARNING: [Synth 8-3331] design topdown has unconnected port sw[6]
WARNING: [Synth 8-3331] design topdown has unconnected port sw[5]
WARNING: [Synth 8-3331] design topdown has unconnected port sw[4]
WARNING: [Synth 8-3331] design topdown has unconnected port sw[3]
WARNING: [Synth 8-3331] design topdown has unconnected port sw[2]
WARNING: [Synth 8-3331] design topdown has unconnected port sw[1]
WARNING: [Synth 8-3331] design topdown has unconnected port sw[0]
WARNING: [Synth 8-3332] Sequential element (clock/slowclk/XLXI_37/I_Q0/I_36_35) is unused and will be removed from module topdown.
WARNING: [Synth 8-3332] Sequential element (clock/slowclk/XLXI_37/I_Q1/I_36_35) is unused and will be removed from module topdown.
WARNING: [Synth 8-3332] Sequential element (clock/slowclk/XLXI_37/I_Q2/I_36_35) is unused and will be removed from module topdown.
WARNING: [Synth 8-3332] Sequential element (clock/slowclk/XLXI_37/I_Q3/I_36_35) is unused and will be removed from module topdown.
WARNING: [Synth 8-3332] Sequential element (clock/slowclk/XLXI_38/I_Q0/I_36_35) is unused and will be removed from module topdown.
WARNING: [Synth 8-3332] Sequential element (clock/slowclk/XLXI_38/I_Q1/I_36_35) is unused and will be removed from module topdown.
WARNING: [Synth 8-3332] Sequential element (clock/slowclk/XLXI_38/I_Q2/I_36_35) is unused and will be removed from module topdown.
WARNING: [Synth 8-3332] Sequential element (clock/slowclk/XLXI_38/I_Q3/I_36_35) is unused and will be removed from module topdown.
WARNING: [Synth 8-3332] Sequential element (clock/slowclk/XLXI_39/I_Q0/I_36_35) is unused and will be removed from module topdown.
WARNING: [Synth 8-3332] Sequential element (clock/slowclk/XLXI_39/I_Q1/I_36_35) is unused and will be removed from module topdown.
WARNING: [Synth 8-3332] Sequential element (clock/slowclk/XLXI_39/I_Q2/I_36_35) is unused and will be removed from module topdown.
WARNING: [Synth 8-3332] Sequential element (clock/slowclk/XLXI_39/I_Q3/I_36_35) is unused and will be removed from module topdown.
WARNING: [Synth 8-3332] Sequential element (clock/slowclk/XLXI_40/I_Q0/I_36_35) is unused and will be removed from module topdown.
WARNING: [Synth 8-3332] Sequential element (clock/slowclk/XLXI_40/I_Q1/I_36_35) is unused and will be removed from module topdown.
WARNING: [Synth 8-3332] Sequential element (clock/slowclk/XLXI_40/I_Q2/I_36_35) is unused and will be removed from module topdown.
WARNING: [Synth 8-3332] Sequential element (clock/slowclk/XLXI_40/I_Q3/I_36_35) is unused and will be removed from module topdown.
WARNING: [Synth 8-3332] Sequential element (clock/slowclk/XLXI_45/I_Q0/I_36_35) is unused and will be removed from module topdown.
WARNING: [Synth 8-3332] Sequential element (clock/slowclk/XLXI_45/I_Q1/I_36_35) is unused and will be removed from module topdown.
WARNING: [Synth 8-3332] Sequential element (clock/slowclk/XLXI_45/I_Q2/I_36_35) is unused and will be removed from module topdown.
WARNING: [Synth 8-3332] Sequential element (clock/slowclk/XLXI_45/I_Q3/I_36_35) is unused and will be removed from module topdown.
WARNING: [Synth 8-3332] Sequential element (clock/slowclk/XLXI_44/I_Q0/I_36_35) is unused and will be removed from module topdown.
WARNING: [Synth 8-3332] Sequential element (clock/slowclk/XLXI_44/I_Q1/I_36_35) is unused and will be removed from module topdown.
WARNING: [Synth 8-3332] Sequential element (clock/slowclk/XLXI_44/I_Q2/I_36_35) is unused and will be removed from module topdown.
WARNING: [Synth 8-3332] Sequential element (clock/slowclk/XLXI_44/I_Q3/I_36_35) is unused and will be removed from module topdown.
INFO: [Synth 8-3333] propagating constant 0 across sequential element (\pixeladdy/vertical/count4/Q0_FF )
INFO: [Synth 8-3333] propagating constant 0 across sequential element (\pixeladdy/vertical/count4/Q1_FF )
INFO: [Synth 8-3333] propagating constant 0 across sequential element (\pixeladdy/vertical/count4/Q2_FF )
INFO: [Synth 8-3333] propagating constant 0 across sequential element (\pixeladdy/vertical/count4/Q3_FF )
INFO: [Synth 8-3333] propagating constant 0 across sequential element (\pixeladdy/horizontal/count4/Q0_FF )
INFO: [Synth 8-3333] propagating constant 0 across sequential element (\pixeladdy/horizontal/count4/Q1_FF )
INFO: [Synth 8-3333] propagating constant 0 across sequential element (\pixeladdy/horizontal/count4/Q2_FF )
INFO: [Synth 8-3333] propagating constant 0 across sequential element (\pixeladdy/horizontal/count4/Q3_FF )
WARNING: [Synth 8-3332] Sequential element (pixeladdy/horizontal/count3/Q2_FF) is unused and will be removed from module topdown.
WARNING: [Synth 8-3332] Sequential element (pixeladdy/horizontal/count3/Q3_FF) is unused and will be removed from module topdown.
WARNING: [Synth 8-3332] Sequential element (pixeladdy/horizontal/count4/Q0_FF) is unused and will be removed from module topdown.
WARNING: [Synth 8-3332] Sequential element (pixeladdy/horizontal/count4/Q1_FF) is unused and will be removed from module topdown.
WARNING: [Synth 8-3332] Sequential element (pixeladdy/horizontal/count4/Q2_FF) is unused and will be removed from module topdown.
WARNING: [Synth 8-3332] Sequential element (pixeladdy/horizontal/count4/Q3_FF) is unused and will be removed from module topdown.
WARNING: [Synth 8-3332] Sequential element (pixeladdy/vertical/count3/Q2_FF) is unused and will be removed from module topdown.
WARNING: [Synth 8-3332] Sequential element (pixeladdy/vertical/count3/Q3_FF) is unused and will be removed from module topdown.
WARNING: [Synth 8-3332] Sequential element (pixeladdy/vertical/count4/Q0_FF) is unused and will be removed from module topdown.
WARNING: [Synth 8-3332] Sequential element (pixeladdy/vertical/count4/Q1_FF) is unused and will be removed from module topdown.
WARNING: [Synth 8-3332] Sequential element (pixeladdy/vertical/count4/Q2_FF) is unused and will be removed from module topdown.
WARNING: [Synth 8-3332] Sequential element (pixeladdy/vertical/count4/Q3_FF) is unused and will be removed from module topdown.
---------------------------------------------------------------------------------
Finished Cross Boundary and Area Optimization : Time (s): cpu = 00:00:12 ; elapsed = 00:00:18 . Memory (MB): peak = 981.621 ; gain = 365.473
---------------------------------------------------------------------------------

Report RTL Partitions: 
+-+--------------+------------+----------+
| |RTL Partition |Replication |Instances |
+-+--------------+------------+----------+
+-+--------------+------------+----------+
---------------------------------------------------------------------------------
Start Applying XDC Timing Constraints
---------------------------------------------------------------------------------
---------------------------------------------------------------------------------
Finished Applying XDC Timing Constraints : Time (s): cpu = 00:00:19 ; elapsed = 00:00:25 . Memory (MB): peak = 981.621 ; gain = 365.473
---------------------------------------------------------------------------------
---------------------------------------------------------------------------------
Start Timing Optimization
---------------------------------------------------------------------------------
---------------------------------------------------------------------------------
Finished Timing Optimization : Time (s): cpu = 00:00:19 ; elapsed = 00:00:26 . Memory (MB): peak = 981.621 ; gain = 365.473
---------------------------------------------------------------------------------

Report RTL Partitions: 
+-+--------------+------------+----------+
| |RTL Partition |Replication |Instances |
+-+--------------+------------+----------+
+-+--------------+------------+----------+
---------------------------------------------------------------------------------
Start Technology Mapping
---------------------------------------------------------------------------------
---------------------------------------------------------------------------------
Finished Technology Mapping : Time (s): cpu = 00:00:19 ; elapsed = 00:00:26 . Memory (MB): peak = 981.621 ; gain = 365.473
---------------------------------------------------------------------------------

Report RTL Partitions: 
+-+--------------+------------+----------+
| |RTL Partition |Replication |Instances |
+-+--------------+------------+----------+
+-+--------------+------------+----------+
---------------------------------------------------------------------------------
Start IO Insertion
---------------------------------------------------------------------------------
---------------------------------------------------------------------------------
Start Flattening Before IO Insertion
---------------------------------------------------------------------------------
---------------------------------------------------------------------------------
Finished Flattening Before IO Insertion
---------------------------------------------------------------------------------
---------------------------------------------------------------------------------
Start Final Netlist Cleanup
---------------------------------------------------------------------------------
---------------------------------------------------------------------------------
Finished Final Netlist Cleanup
---------------------------------------------------------------------------------
---------------------------------------------------------------------------------
Finished IO Insertion : Time (s): cpu = 00:00:21 ; elapsed = 00:00:28 . Memory (MB): peak = 981.621 ; gain = 365.473
---------------------------------------------------------------------------------

Report Check Netlist: 
+------+------------------+-------+---------+-------+------------------+
|      |Item              |Errors |Warnings |Status |Description       |
+------+------------------+-------+---------+-------+------------------+
|1     |multi_driven_nets |      0|        0|Passed |Multi driven nets |
+------+------------------+-------+---------+-------+------------------+
---------------------------------------------------------------------------------
Start Renaming Generated Instances
---------------------------------------------------------------------------------
---------------------------------------------------------------------------------
Finished Renaming Generated Instances : Time (s): cpu = 00:00:21 ; elapsed = 00:00:28 . Memory (MB): peak = 981.621 ; gain = 365.473
---------------------------------------------------------------------------------

Report RTL Partitions: 
+-+--------------+------------+----------+
| |RTL Partition |Replication |Instances |
+-+--------------+------------+----------+
+-+--------------+------------+----------+
---------------------------------------------------------------------------------
Start Rebuilding User Hierarchy
---------------------------------------------------------------------------------
---------------------------------------------------------------------------------
Finished Rebuilding User Hierarchy : Time (s): cpu = 00:00:21 ; elapsed = 00:00:28 . Memory (MB): peak = 981.621 ; gain = 365.473
---------------------------------------------------------------------------------
---------------------------------------------------------------------------------
Start Renaming Generated Ports
---------------------------------------------------------------------------------
---------------------------------------------------------------------------------
Finished Renaming Generated Ports : Time (s): cpu = 00:00:21 ; elapsed = 00:00:28 . Memory (MB): peak = 981.621 ; gain = 365.473
---------------------------------------------------------------------------------
---------------------------------------------------------------------------------
Start Handling Custom Attributes
---------------------------------------------------------------------------------
---------------------------------------------------------------------------------
Finished Handling Custom Attributes : Time (s): cpu = 00:00:21 ; elapsed = 00:00:28 . Memory (MB): peak = 981.621 ; gain = 365.473
---------------------------------------------------------------------------------
---------------------------------------------------------------------------------
Start Renaming Generated Nets
---------------------------------------------------------------------------------
---------------------------------------------------------------------------------
Finished Renaming Generated Nets : Time (s): cpu = 00:00:21 ; elapsed = 00:00:28 . Memory (MB): peak = 981.621 ; gain = 365.473
---------------------------------------------------------------------------------
---------------------------------------------------------------------------------
Start Writing Synthesis Report
---------------------------------------------------------------------------------

Report BlackBoxes: 
+-+--------------+----------+
| |BlackBox name |Instances |
+-+--------------+----------+
+-+--------------+----------+

Report Cell Usage: 
+------+-----------+------+
|      |Cell       |Count |
+------+-----------+------+
|1     |BUFG       |     3|
|2     |LUT1       |     1|
|3     |LUT2       |     3|
|4     |LUT3       |     3|
|5     |LUT4       |     8|
|6     |LUT5       |     7|
|7     |LUT6       |    19|
|8     |MMCME2_ADV |     1|
|9     |STARTUPE2  |     1|
|10    |FDRE       |    22|
|11    |IBUF       |     2|
|12    |OBUF       |    14|
|13    |OBUFT      |    28|
+------+-----------+------+

Report Instance Areas: 
+------+----------------+---------------+------+
|      |Instance        |Module         |Cells |
+------+----------------+---------------+------+
|1     |top             |               |   112|
|2     |  clock         |labVGA_clks    |     6|
|3     |    my_clk_inst |clk_wiz_0      |     4|
|4     |    slowclk     |clkcntrl4      |     1|
|5     |  pixeladdy     |PixelAddress   |    61|
|6     |    horizontal  |counterUD16L   |    29|
|7     |      count1    |countUD4L_3    |    13|
|8     |      count2    |countUD4L_4    |    12|
|9     |      count3    |countUD4L_5    |     4|
|10    |    vertical    |counterUD16L_0 |    32|
|11    |      count1    |countUD4L      |    16|
|12    |      count2    |countUD4L_1    |    12|
|13    |      count3    |countUD4L_2    |     4|
+------+----------------+---------------+------+
---------------------------------------------------------------------------------
Finished Writing Synthesis Report : Time (s): cpu = 00:00:21 ; elapsed = 00:00:28 . Memory (MB): peak = 981.621 ; gain = 365.473
---------------------------------------------------------------------------------
Synthesis finished with 0 errors, 0 critical warnings and 95 warnings.
Synthesis Optimization Runtime : Time (s): cpu = 00:00:14 ; elapsed = 00:00:23 . Memory (MB): peak = 981.621 ; gain = 241.617
Synthesis Optimization Complete : Time (s): cpu = 00:00:21 ; elapsed = 00:00:28 . Memory (MB): peak = 981.621 ; gain = 365.473
INFO: [Project 1-571] Translating synthesized netlist
INFO: [Netlist 29-17] Analyzing 2 Unisim elements for replacement
INFO: [Netlist 29-28] Unisim Transformation completed in 0 CPU seconds
INFO: [Project 1-570] Preparing netlist for logic optimization
INFO: [Opt 31-138] Pushed 0 inverter(s) to 0 load pin(s).
Netlist sorting complete. Time (s): cpu = 00:00:00 ; elapsed = 00:00:00.001 . Memory (MB): peak = 992.680 ; gain = 0.000
INFO: [Project 1-111] Unisim Transformation Summary:
No Unisim elements were transformed.

INFO: [Common 17-83] Releasing license: Synthesis
69 Infos, 167 Warnings, 0 Critical Warnings and 0 Errors encountered.
synth_design completed successfully
synth_design: Time (s): cpu = 00:00:26 ; elapsed = 00:00:36 . Memory (MB): peak = 992.680 ; gain = 637.867
Netlist sorting complete. Time (s): cpu = 00:00:00 ; elapsed = 00:00:00 . Memory (MB): peak = 992.680 ; gain = 0.000
WARNING: [Constraints 18-5210] No constraints selected for write.
Resolution: This message can indicate that there are no constraints for the design, or it can indicate that the used_in flags are set such that the constraints are ignored. This later case is used when running synth_design to not write synthesis constraints to the resulting checkpoint. Instead, project constraints are read when the synthesized design is opened.
INFO: [Common 17-1381] The checkpoint 'D:/users/ezek/lab6/project_6/project_6.runs/synth_1/topdown.dcp' has been generated.
INFO: [runtcl-4] Executing : report_utilization -file topdown_utilization_synth.rpt -pb topdown_utilization_synth.pb
INFO: [Common 17-206] Exiting Vivado at Sun Nov 26 14:40:00 2023...
